2017-07-19 13:42:45,788 - com.au.weatherdata.reader.WeatherDataLineReaderTest - INFO - WeatherData [location=SYD, latitude=-33.86, longitude=151.21, elevation=39, unit=HIGHEST, janVal=4210, febVal=3980, marVal=3390, aprVal=3000, mayVal=2690, junVal=2590, julVal=3130, augVal=3459, sepVal=3820, octVal=4180, novVal=4220, decVal=4580]
2017-07-19 13:43:03,290 - com.au.weatherdata.reader.WeatherDataLineReaderTest - INFO - WeatherData [location=SYD, latitude=-33.86, longitude=151.21, elevation=39, unit=HIGHEST, janVal=4210, febVal=3980, marVal=3390, aprVal=3000, mayVal=2690, junVal=2590, julVal=3130, augVal=3459, sepVal=3820, octVal=4180, novVal=4220, decVal=4580]
2017-07-19 16:07:05,737 - com.au.weatherdata.reader.WeatherDataLineReaderTest - INFO - false
2017-07-19 16:11:52,294 - com.au.weatherdata.reader.WeatherDataLineReaderTest - INFO - false
2017-07-19 16:12:14,138 - com.au.weatherdata.reader.WeatherDataLineReaderTest - INFO - WeatherData [location=SYD, latitude=-33.86, longitude=151.21, elevation=39, unit=HIGHEST, janVal=4210, febVal=3980, marVal=3390, aprVal=3000, mayVal=2690, junVal=2590, julVal=3130, augVal=3459, sepVal=3820, octVal=4180, novVal=4220, decVal=4580]
2017-07-19 16:12:52,146 - com.au.weatherdata.reader.WeatherDataLineReaderTest - INFO - WeatherData [location=SYD, latitude=-33.86, longitude=151.21, elevation=39, unit=HIGHEST, janVal=4210, febVal=3980, marVal=3390, aprVal=3000, mayVal=2690, junVal=2590, julVal=3130, augVal=3459, sepVal=3820, octVal=4180, novVal=4220, decVal=4580]
2017-07-19 16:13:45,083 - com.au.weatherdata.reader.WeatherDataLineReaderTest - INFO - false
2017-07-19 16:14:22,734 - com.au.weatherdata.reader.WeatherDataLineReaderTest - INFO - false
2017-07-19 16:15:22,611 - com.au.weatherdata.reader.WeatherDataLineReaderTest - INFO - true
2017-07-19 17:04:00,124 - com.au.weatherdata.reader.WeatherDataLineReader - INFO - Line parsed successfully
2017-07-19 17:04:00,141 - com.au.weatherdata.reader.WeatherDataLineReaderTest - INFO - testReadLine completed.
2017-07-19 17:04:24,458 - com.au.weatherdata.Main - ERROR - Require 4 parameters. 
startdate duration outputpath
2017-07-19 17:04:37,248 - com.au.weatherdata.reader.WeatherDataLineReader - INFO - Line parsed successfully
2017-07-19 17:04:37,264 - com.au.weatherdata.reader.WeatherDataLineReader - INFO - Line parsed successfully
2017-07-19 17:04:37,264 - com.au.weatherdata.reader.WeatherDataLineReader - INFO - Line parsed successfully
2017-07-19 17:04:37,264 - com.au.weatherdata.reader.WeatherDataLineReader - INFO - Line parsed successfully
2017-07-19 17:04:37,264 - com.au.weatherdata.reader.WeatherDataLineReader - INFO - Line parsed successfully
2017-07-19 17:04:37,264 - com.au.weatherdata.reader.WeatherDataLineReader - INFO - Line parsed successfully
2017-07-19 17:04:37,264 - com.au.weatherdata.reader.WeatherDataLineReader - INFO - Line parsed successfully
2017-07-19 17:04:37,264 - com.au.weatherdata.reader.WeatherDataLineReader - INFO - Line parsed successfully
2017-07-19 17:04:37,264 - com.au.weatherdata.reader.WeatherDataLineReader - INFO - Line parsed successfully
2017-07-19 17:04:37,264 - com.au.weatherdata.reader.WeatherDataLineReader - INFO - Line parsed successfully
2017-07-19 17:04:37,264 - com.au.weatherdata.reader.WeatherDataLineReader - INFO - Line parsed successfully
2017-07-19 17:04:37,264 - com.au.weatherdata.reader.WeatherDataLineReader - INFO - Line parsed successfully
2017-07-19 17:04:37,264 - com.au.weatherdata.reader.WeatherDataLineReader - INFO - Line parsed successfully
2017-07-19 17:04:37,264 - com.au.weatherdata.reader.WeatherDataLineReader - INFO - Line parsed successfully
2017-07-19 17:04:37,264 - com.au.weatherdata.reader.WeatherDataLineReader - INFO - Line parsed successfully
2017-07-19 17:04:37,264 - com.au.weatherdata.reader.WeatherDataLineReader - INFO - Line parsed successfully
2017-07-19 17:04:37,264 - com.au.weatherdata.reader.WeatherDataLineReader - INFO - Line parsed successfully
2017-07-19 17:04:37,264 - com.au.weatherdata.reader.WeatherDataLineReader - INFO - Line parsed successfully
2017-07-19 17:04:37,264 - com.au.weatherdata.reader.WeatherDataLineReader - INFO - Line parsed successfully
2017-07-19 17:04:37,264 - com.au.weatherdata.reader.WeatherDataLineReader - INFO - Line parsed successfully
2017-07-19 17:04:37,374 - com.au.weatherdata.driver.WeatherGenerator - ERROR - Date format is wrong, please put the format as yyyy-MM-dd
2017-07-19 17:05:23,876 - com.au.weatherdata.reader.WeatherDataLineReader - INFO - Line parsed successfully
2017-07-19 17:05:23,892 - com.au.weatherdata.reader.WeatherDataLineReader - INFO - Line parsed successfully
2017-07-19 17:05:23,892 - com.au.weatherdata.reader.WeatherDataLineReader - INFO - Line parsed successfully
2017-07-19 17:05:23,892 - com.au.weatherdata.reader.WeatherDataLineReader - INFO - Line parsed successfully
2017-07-19 17:05:23,892 - com.au.weatherdata.reader.WeatherDataLineReader - INFO - Line parsed successfully
2017-07-19 17:05:23,892 - com.au.weatherdata.reader.WeatherDataLineReader - INFO - Line parsed successfully
2017-07-19 17:05:23,892 - com.au.weatherdata.reader.WeatherDataLineReader - INFO - Line parsed successfully
2017-07-19 17:05:23,892 - com.au.weatherdata.reader.WeatherDataLineReader - INFO - Line parsed successfully
2017-07-19 17:05:23,892 - com.au.weatherdata.reader.WeatherDataLineReader - INFO - Line parsed successfully
2017-07-19 17:05:23,892 - com.au.weatherdata.reader.WeatherDataLineReader - INFO - Line parsed successfully
2017-07-19 17:05:23,892 - com.au.weatherdata.reader.WeatherDataLineReader - INFO - Line parsed successfully
2017-07-19 17:05:23,892 - com.au.weatherdata.reader.WeatherDataLineReader - INFO - Line parsed successfully
2017-07-19 17:05:23,892 - com.au.weatherdata.reader.WeatherDataLineReader - INFO - Line parsed successfully
2017-07-19 17:05:23,892 - com.au.weatherdata.reader.WeatherDataLineReader - INFO - Line parsed successfully
2017-07-19 17:05:23,892 - com.au.weatherdata.reader.WeatherDataLineReader - INFO - Line parsed successfully
2017-07-19 17:05:23,892 - com.au.weatherdata.reader.WeatherDataLineReader - INFO - Line parsed successfully
2017-07-19 17:05:23,892 - com.au.weatherdata.reader.WeatherDataLineReader - INFO - Line parsed successfully
2017-07-19 17:05:23,892 - com.au.weatherdata.reader.WeatherDataLineReader - INFO - Line parsed successfully
2017-07-19 17:05:23,892 - com.au.weatherdata.reader.WeatherDataLineReader - INFO - Line parsed successfully
2017-07-19 17:05:23,892 - com.au.weatherdata.reader.WeatherDataLineReader - INFO - Line parsed successfully
2017-07-19 17:06:05,710 - com.au.weatherdata.driver.WeatherGenerator - ERROR - Date format is wrong, please put the format as yyyy-MM-dd
2017-07-19 17:12:59,453 - com.au.weatherdata.reader.WeatherDataLineReader - INFO - Line parsed successfully
2017-07-19 17:12:59,459 - com.au.weatherdata.reader.WeatherDataLineReader - INFO - Line parsed successfully
2017-07-19 17:12:59,459 - com.au.weatherdata.reader.WeatherDataLineReader - INFO - Line parsed successfully
2017-07-19 17:12:59,462 - com.au.weatherdata.reader.WeatherDataLineReader - INFO - Line parsed successfully
2017-07-19 17:12:59,462 - com.au.weatherdata.reader.WeatherDataLineReader - INFO - Line parsed successfully
2017-07-19 17:12:59,462 - com.au.weatherdata.reader.WeatherDataLineReader - INFO - Line parsed successfully
2017-07-19 17:12:59,463 - com.au.weatherdata.reader.WeatherDataLineReader - INFO - Line parsed successfully
2017-07-19 17:12:59,463 - com.au.weatherdata.reader.WeatherDataLineReader - INFO - Line parsed successfully
2017-07-19 17:12:59,464 - com.au.weatherdata.reader.WeatherDataLineReader - INFO - Line parsed successfully
2017-07-19 17:12:59,465 - com.au.weatherdata.reader.WeatherDataLineReader - INFO - Line parsed successfully
2017-07-19 17:12:59,465 - com.au.weatherdata.reader.WeatherDataLineReader - INFO - Line parsed successfully
2017-07-19 17:12:59,465 - com.au.weatherdata.reader.WeatherDataLineReader - INFO - Line parsed successfully
2017-07-19 17:12:59,466 - com.au.weatherdata.reader.WeatherDataLineReader - INFO - Line parsed successfully
2017-07-19 17:12:59,466 - com.au.weatherdata.reader.WeatherDataLineReader - INFO - Line parsed successfully
2017-07-19 17:12:59,466 - com.au.weatherdata.reader.WeatherDataLineReader - INFO - Line parsed successfully
2017-07-19 17:12:59,466 - com.au.weatherdata.reader.WeatherDataLineReader - INFO - Line parsed successfully
2017-07-19 17:12:59,469 - com.au.weatherdata.reader.WeatherDataLineReader - INFO - Line parsed successfully
2017-07-19 17:12:59,469 - com.au.weatherdata.reader.WeatherDataLineReader - INFO - Line parsed successfully
2017-07-19 17:12:59,470 - com.au.weatherdata.reader.WeatherDataLineReader - INFO - Line parsed successfully
2017-07-19 17:12:59,470 - com.au.weatherdata.reader.WeatherDataLineReader - INFO - Line parsed successfully
2017-07-19 17:31:03,857 - com.au.weatherdata.reader.WeatherDataLineReader - INFO - Line parsed successfully
2017-07-19 17:31:03,872 - com.au.weatherdata.reader.WeatherDataLineReader - INFO - Line parsed successfully
2017-07-19 17:31:03,872 - com.au.weatherdata.reader.WeatherDataLineReader - INFO - Line parsed successfully
2017-07-19 17:31:03,872 - com.au.weatherdata.reader.WeatherDataLineReader - INFO - Line parsed successfully
2017-07-19 17:31:03,872 - com.au.weatherdata.reader.WeatherDataLineReader - INFO - Line parsed successfully
2017-07-19 17:31:03,872 - com.au.weatherdata.reader.WeatherDataLineReader - INFO - Line parsed successfully
2017-07-19 17:31:03,872 - com.au.weatherdata.reader.WeatherDataLineReader - INFO - Line parsed successfully
2017-07-19 17:31:03,872 - com.au.weatherdata.reader.WeatherDataLineReader - INFO - Line parsed successfully
2017-07-19 17:31:03,872 - com.au.weatherdata.reader.WeatherDataLineReader - INFO - Line parsed successfully
2017-07-19 17:31:03,872 - com.au.weatherdata.reader.WeatherDataLineReader - INFO - Line parsed successfully
2017-07-19 17:31:03,872 - com.au.weatherdata.reader.WeatherDataLineReader - INFO - Line parsed successfully
2017-07-19 17:31:03,872 - com.au.weatherdata.reader.WeatherDataLineReader - INFO - Line parsed successfully
2017-07-19 17:31:03,872 - com.au.weatherdata.reader.WeatherDataLineReader - INFO - Line parsed successfully
2017-07-19 17:31:03,872 - com.au.weatherdata.reader.WeatherDataLineReader - INFO - Line parsed successfully
2017-07-19 17:31:03,872 - com.au.weatherdata.reader.WeatherDataLineReader - INFO - Line parsed successfully
2017-07-19 17:31:03,872 - com.au.weatherdata.reader.WeatherDataLineReader - INFO - Line parsed successfully
2017-07-19 17:31:03,872 - com.au.weatherdata.reader.WeatherDataLineReader - INFO - Line parsed successfully
2017-07-19 17:31:03,872 - com.au.weatherdata.reader.WeatherDataLineReader - INFO - Line parsed successfully
2017-07-19 17:31:03,872 - com.au.weatherdata.reader.WeatherDataLineReader - INFO - Line parsed successfully
2017-07-19 17:31:03,872 - com.au.weatherdata.reader.WeatherDataLineReader - INFO - Line parsed successfully
2017-07-19 17:33:07,709 - com.au.weatherdata.reader.WeatherDataLineReader - INFO - Line parsed successfully
2017-07-19 17:33:07,725 - com.au.weatherdata.reader.WeatherDataLineReader - INFO - Line parsed successfully
2017-07-19 17:33:07,725 - com.au.weatherdata.reader.WeatherDataLineReader - INFO - Line parsed successfully
2017-07-19 17:33:07,725 - com.au.weatherdata.reader.WeatherDataLineReader - INFO - Line parsed successfully
2017-07-19 17:33:07,725 - com.au.weatherdata.reader.WeatherDataLineReader - INFO - Line parsed successfully
2017-07-19 17:33:07,725 - com.au.weatherdata.reader.WeatherDataLineReader - INFO - Line parsed successfully
2017-07-19 17:33:07,725 - com.au.weatherdata.reader.WeatherDataLineReader - INFO - Line parsed successfully
2017-07-19 17:33:07,725 - com.au.weatherdata.reader.WeatherDataLineReader - INFO - Line parsed successfully
2017-07-19 17:33:07,725 - com.au.weatherdata.reader.WeatherDataLineReader - INFO - Line parsed successfully
2017-07-19 17:33:07,725 - com.au.weatherdata.reader.WeatherDataLineReader - INFO - Line parsed successfully
2017-07-19 17:33:07,725 - com.au.weatherdata.reader.WeatherDataLineReader - INFO - Line parsed successfully
2017-07-19 17:33:07,725 - com.au.weatherdata.reader.WeatherDataLineReader - INFO - Line parsed successfully
2017-07-19 17:33:07,725 - com.au.weatherdata.reader.WeatherDataLineReader - INFO - Line parsed successfully
2017-07-19 17:33:07,725 - com.au.weatherdata.reader.WeatherDataLineReader - INFO - Line parsed successfully
2017-07-19 17:33:07,725 - com.au.weatherdata.reader.WeatherDataLineReader - INFO - Line parsed successfully
2017-07-19 17:33:07,725 - com.au.weatherdata.reader.WeatherDataLineReader - INFO - Line parsed successfully
2017-07-19 17:33:07,725 - com.au.weatherdata.reader.WeatherDataLineReader - INFO - Line parsed successfully
2017-07-19 17:33:07,725 - com.au.weatherdata.reader.WeatherDataLineReader - INFO - Line parsed successfully
2017-07-19 17:33:07,725 - com.au.weatherdata.reader.WeatherDataLineReader - INFO - Line parsed successfully
2017-07-19 17:33:07,725 - com.au.weatherdata.reader.WeatherDataLineReader - INFO - Line parsed successfully
2017-07-19 17:39:21,797 - com.au.weatherdata.reader.WeatherDataLineReader - INFO - Line parsed successfully
2017-07-19 17:39:21,813 - com.au.weatherdata.reader.WeatherDataLineReaderTest - INFO - testReadLine completed.
2017-07-19 17:41:52,527 - com.au.weatherdata.reader.WeatherDataLineReader - INFO - Line parsed successfully
2017-07-19 17:41:52,559 - com.au.weatherdata.reader.WeatherDataLineReader - INFO - Line parsed successfully
2017-07-19 17:41:52,559 - com.au.weatherdata.reader.WeatherDataLineReader - INFO - Line parsed successfully
2017-07-19 17:41:52,559 - com.au.weatherdata.reader.WeatherDataLineReader - INFO - Line parsed successfully
2017-07-19 17:41:52,559 - com.au.weatherdata.reader.WeatherDataLineReader - INFO - Line parsed successfully
2017-07-19 17:41:52,559 - com.au.weatherdata.reader.WeatherDataLineReader - INFO - Line parsed successfully
2017-07-19 17:41:52,559 - com.au.weatherdata.reader.WeatherDataLineReader - INFO - Line parsed successfully
2017-07-19 17:41:52,559 - com.au.weatherdata.reader.WeatherDataLineReader - INFO - Line parsed successfully
2017-07-19 17:41:52,559 - com.au.weatherdata.reader.WeatherDataLineReader - INFO - Line parsed successfully
2017-07-19 17:41:52,559 - com.au.weatherdata.reader.WeatherDataLineReader - INFO - Line parsed successfully
2017-07-19 17:41:52,559 - com.au.weatherdata.reader.WeatherDataLineReader - INFO - Line parsed successfully
2017-07-19 17:41:52,559 - com.au.weatherdata.reader.WeatherDataLineReader - INFO - Line parsed successfully
2017-07-19 17:41:52,559 - com.au.weatherdata.reader.WeatherDataLineReader - INFO - Line parsed successfully
2017-07-19 17:41:52,559 - com.au.weatherdata.reader.WeatherDataLineReader - INFO - Line parsed successfully
2017-07-19 17:41:52,559 - com.au.weatherdata.reader.WeatherDataLineReader - INFO - Line parsed successfully
2017-07-19 17:41:52,559 - com.au.weatherdata.reader.WeatherDataLineReader - INFO - Line parsed successfully
2017-07-19 17:41:52,559 - com.au.weatherdata.reader.WeatherDataLineReader - INFO - Line parsed successfully
2017-07-19 17:41:52,559 - com.au.weatherdata.reader.WeatherDataLineReader - INFO - Line parsed successfully
2017-07-19 17:41:52,559 - com.au.weatherdata.reader.WeatherDataLineReader - INFO - Line parsed successfully
2017-07-19 17:41:52,559 - com.au.weatherdata.reader.WeatherDataLineReader - INFO - Line parsed successfully
2017-07-19 17:44:38,818 - com.au.weatherdata.reader.WeatherDataLineReader - INFO - Line parsed successfully
2017-07-19 17:44:38,834 - com.au.weatherdata.reader.WeatherDataLineReader - INFO - Line parsed successfully
2017-07-19 17:44:38,834 - com.au.weatherdata.reader.WeatherDataLineReader - INFO - Line parsed successfully
2017-07-19 17:44:38,834 - com.au.weatherdata.reader.WeatherDataLineReader - INFO - Line parsed successfully
2017-07-19 17:44:38,834 - com.au.weatherdata.reader.WeatherDataLineReader - INFO - Line parsed successfully
2017-07-19 17:44:38,834 - com.au.weatherdata.reader.WeatherDataLineReader - INFO - Line parsed successfully
2017-07-19 17:44:38,834 - com.au.weatherdata.reader.WeatherDataLineReader - INFO - Line parsed successfully
2017-07-19 17:44:38,834 - com.au.weatherdata.reader.WeatherDataLineReader - INFO - Line parsed successfully
2017-07-19 17:44:38,834 - com.au.weatherdata.reader.WeatherDataLineReader - INFO - Line parsed successfully
2017-07-19 17:44:38,834 - com.au.weatherdata.reader.WeatherDataLineReader - INFO - Line parsed successfully
2017-07-19 17:44:38,834 - com.au.weatherdata.reader.WeatherDataLineReader - INFO - Line parsed successfully
2017-07-19 17:44:38,834 - com.au.weatherdata.reader.WeatherDataLineReader - INFO - Line parsed successfully
2017-07-19 17:44:38,834 - com.au.weatherdata.reader.WeatherDataLineReader - INFO - Line parsed successfully
2017-07-19 17:44:38,834 - com.au.weatherdata.reader.WeatherDataLineReader - INFO - Line parsed successfully
2017-07-19 17:44:38,834 - com.au.weatherdata.reader.WeatherDataLineReader - INFO - Line parsed successfully
2017-07-19 17:44:38,834 - com.au.weatherdata.reader.WeatherDataLineReader - INFO - Line parsed successfully
2017-07-19 17:44:38,834 - com.au.weatherdata.reader.WeatherDataLineReader - INFO - Line parsed successfully
2017-07-19 17:44:38,834 - com.au.weatherdata.reader.WeatherDataLineReader - INFO - Line parsed successfully
2017-07-19 17:44:38,834 - com.au.weatherdata.reader.WeatherDataLineReader - INFO - Line parsed successfully
2017-07-19 17:44:38,834 - com.au.weatherdata.reader.WeatherDataLineReader - INFO - Line parsed successfully
